<?xml version="1.0" encoding="UTF-8"?>
<testng-results skipped="0" failed="1" total="1" passed="0">
  <reporter-output>
  </reporter-output>
  <suite name="Default suite" duration-ms="6176" started-at="2022-04-18T04:26:43Z" finished-at="2022-04-18T04:26:49Z">
    <groups>
      <group name="Regression">
        <method signature="UsersPageTest.TC_OHRM_Admin_Users_SearchBtn_1()[pri:0, instance:com.selenium.tests.UsersPageTest@2525ff7e]" name="TC_OHRM_Admin_Users_SearchBtn_1" class="com.selenium.tests.UsersPageTest"/>
      </group> <!-- Regression -->
    </groups>
    <test name="Default test" duration-ms="6176" started-at="2022-04-18T04:26:43Z" finished-at="2022-04-18T04:26:49Z">
      <class name="com.selenium.tests.UsersPageTest">
        <test-method status="PASS" signature="beforeAllMethods(org.testng.ITestContext)[pri:0, instance:com.selenium.tests.UsersPageTest@2525ff7e]" name="beforeAllMethods" is-config="true" duration-ms="38" started-at="2022-04-18T00:26:43Z" finished-at="2022-04-18T00:26:43Z">
          <params>
            <param index="0">
              <value>
                <![CDATA[org.testng.TestRunner@7fab4be7]]>
              </value>
            </param>
          </params>
          <reporter-output>
          </reporter-output>
        </test-method> <!-- beforeAllMethods -->
        <test-method status="PASS" signature="setUpBeforeEachTest(java.lang.reflect.Method)[pri:0, instance:com.selenium.tests.UsersPageTest@2525ff7e]" name="setUpBeforeEachTest" is-config="true" duration-ms="3163" started-at="2022-04-18T00:26:43Z" finished-at="2022-04-18T00:26:46Z">
          <params>
            <param index="0">
              <value>
                <![CDATA[public void com.selenium.tests.UsersPageTest.TC_OHRM_Admin_Users_SearchBtn_1()]]>
              </value>
            </param>
          </params>
          <reporter-output>
          </reporter-output>
        </test-method> <!-- setUpBeforeEachTest -->
        <test-method status="FAIL" signature="TC_OHRM_Admin_Users_SearchBtn_1()[pri:0, instance:com.selenium.tests.UsersPageTest@2525ff7e]" name="TC_OHRM_Admin_Users_SearchBtn_1" duration-ms="1776" started-at="2022-04-18T00:26:46Z" finished-at="2022-04-18T00:26:48Z">
          <exception class="java.lang.AssertionError">
            <message>
              <![CDATA[expected [true] but found [false]]]>
            </message>
            <full-stacktrace>
              <![CDATA[java.lang.AssertionError: expected [true] but found [false]
	at org.testng.Assert.fail(Assert.java:94)
	at org.testng.Assert.failNotEquals(Assert.java:494)
	at org.testng.Assert.assertTrue(Assert.java:42)
	at org.testng.Assert.assertTrue(Assert.java:52)
	at com.selenium.pages.LoginPage.assertLoginSuccessful(LoginPage.java:72)
	at com.selenium.tests.UsersPageTest.TC_OHRM_Admin_Users_SearchBtn_1(UsersPageTest.java:64)
	at sun.reflect.NativeMethodAccessorImpl.invoke0(Native Method)
	at sun.reflect.NativeMethodAccessorImpl.invoke(Unknown Source)
	at sun.reflect.DelegatingMethodAccessorImpl.invoke(Unknown Source)
	at java.lang.reflect.Method.invoke(Unknown Source)
	at org.testng.internal.MethodInvocationHelper.invokeMethod(MethodInvocationHelper.java:80)
	at org.testng.internal.Invoker.invokeMethod(Invoker.java:714)
	at org.testng.internal.Invoker.invokeTestMethod(Invoker.java:901)
	at org.testng.internal.Invoker.invokeTestMethods(Invoker.java:1231)
	at org.testng.internal.TestMethodWorker.invokeTestMethods(TestMethodWorker.java:127)
	at org.testng.internal.TestMethodWorker.run(TestMethodWorker.java:111)
	at org.testng.TestRunner.privateRun(TestRunner.java:767)
	at org.testng.TestRunner.run(TestRunner.java:617)
	at org.testng.SuiteRunner.runTest(SuiteRunner.java:334)
	at org.testng.SuiteRunner.runSequentially(SuiteRunner.java:329)
	at org.testng.SuiteRunner.privateRun(SuiteRunner.java:291)
	at org.testng.SuiteRunner.run(SuiteRunner.java:240)
	at org.testng.SuiteRunnerWorker.runSuite(SuiteRunnerWorker.java:52)
	at org.testng.SuiteRunnerWorker.run(SuiteRunnerWorker.java:86)
	at org.testng.TestNG.runSuitesSequentially(TestNG.java:1198)
	at org.testng.TestNG.runSuitesLocally(TestNG.java:1123)
	at org.testng.TestNG.run(TestNG.java:1031)
	at org.testng.remote.AbstractRemoteTestNG.run(AbstractRemoteTestNG.java:114)
	at org.testng.remote.RemoteTestNG.initAndRun(RemoteTestNG.java:251)
	at org.testng.remote.RemoteTestNG.main(RemoteTestNG.java:77)
]]>
            </full-stacktrace>
          </exception> <!-- java.lang.AssertionError -->
          <reporter-output>
          </reporter-output>
        </test-method> <!-- TC_OHRM_Admin_Users_SearchBtn_1 -->
        <test-method status="PASS" signature="cleanUpAfterEachTest(org.testng.ITestResult)[pri:0, instance:com.selenium.tests.UsersPageTest@2525ff7e]" name="cleanUpAfterEachTest" is-config="true" duration-ms="568" started-at="2022-04-18T00:26:48Z" finished-at="2022-04-18T00:26:49Z">
          <params>
            <param index="0">
              <value>
                <![CDATA[[TestResult name=TC_OHRM_Admin_Users_SearchBtn_1 status=FAILURE method=UsersPageTest.TC_OHRM_Admin_Users_SearchBtn_1()[pri:0, instance:com.selenium.tests.UsersPageTest@2525ff7e] output={null}]]]>
              </value>
            </param>
          </params>
          <reporter-output>
          </reporter-output>
        </test-method> <!-- cleanUpAfterEachTest -->
        <test-method status="PASS" signature="afterAllMethods()[pri:0, instance:com.selenium.tests.UsersPageTest@2525ff7e]" name="afterAllMethods" is-config="true" duration-ms="618" started-at="2022-04-18T00:26:49Z" finished-at="2022-04-18T00:26:49Z">
          <reporter-output>
          </reporter-output>
        </test-method> <!-- afterAllMethods -->
      </class> <!-- com.selenium.tests.UsersPageTest -->
    </test> <!-- Default test -->
  </suite> <!-- Default suite -->
</testng-results>
