<?xml version="1.0" encoding="UTF-8"?>
<!-- Generated by org.testng.reporters.JUnitXMLReporter -->
<testsuite hostname="XPS17" name="All Tests" tests="11" failures="1" timestamp="24 Apr 2022 02:29:06 GMT" time="77.283" errors="0">
  <testcase name="TC_OHRM_Login_1" time="2.787" classname="com.selenium.tests.LogInTest"/>
  <testcase name="TC_OHRM_Login_2" time="2.407" classname="com.selenium.tests.LogInTest"/>
  <testcase name="TC_OHRM_Login_3" time="1.854" classname="com.selenium.tests.LogInTest"/>
  <testcase name="TC_OHRM_Login_4" time="1.968" classname="com.selenium.tests.LogInTest"/>
  <testcase name="TC_OHRM_Login_5" time="2.443" classname="com.selenium.tests.LogInTest"/>
  <testcase name="TC_OHRM_Login_5" time="1.965" classname="com.selenium.tests.LogInTest"/>
  <testcase name="TC_OHRM_Login_5" time="3.013" classname="com.selenium.tests.LogInTest"/>
  <testcase name="TC_OHRM_Login_5" time="2.255" classname="com.selenium.tests.LogInTest"/>
  <testcase name="TC_OHRM_Login_5" time="1.895" classname="com.selenium.tests.LogInTest"/>
  <testcase name="TC_OHRM_Login_5" time="1.828" classname="com.selenium.tests.LogInTest"/>
  <testcase name="TC_OHRM_Admin_Users_SearchBtn_1" time="14.392" classname="com.selenium.tests.UsersPageTest">
    <failure type="java.lang.AssertionError" message="expected [true] but found [false]">
      <![CDATA[java.lang.AssertionError: expected [true] but found [false]
	at org.testng.Assert.fail(Assert.java:94)
	at org.testng.Assert.failNotEquals(Assert.java:494)
	at org.testng.Assert.assertTrue(Assert.java:42)
	at org.testng.Assert.assertTrue(Assert.java:52)
	at com.selenium.library.SeleniumMethodsLibrary.enterTextField(SeleniumMethodsLibrary.java:263)
	at com.selenium.pages.AdminUsrMgmtUsersPage.enterUsername(AdminUsrMgmtUsersPage.java:96)
	at com.selenium.tests.UsersPageTest.TC_OHRM_Admin_Users_SearchBtn_1(UsersPageTest.java:70)
	at sun.reflect.NativeMethodAccessorImpl.invoke0(Native Method)
	at sun.reflect.NativeMethodAccessorImpl.invoke(NativeMethodAccessorImpl.java:62)
	at sun.reflect.DelegatingMethodAccessorImpl.invoke(DelegatingMethodAccessorImpl.java:43)
	at java.lang.reflect.Method.invoke(Method.java:498)
	at org.testng.internal.MethodInvocationHelper.invokeMethod(MethodInvocationHelper.java:80)
	at org.testng.internal.Invoker.invokeMethod(Invoker.java:714)
	at org.testng.internal.Invoker.invokeTestMethod(Invoker.java:901)
	at org.testng.internal.Invoker.invokeTestMethods(Invoker.java:1231)
	at org.testng.internal.TestMethodWorker.invokeTestMethods(TestMethodWorker.java:127)
	at org.testng.internal.TestMethodWorker.run(TestMethodWorker.java:111)
	at org.testng.TestRunner.privateRun(TestRunner.java:767)
	at org.testng.TestRunner.run(TestRunner.java:617)
	at org.testng.SuiteRunner.runTest(SuiteRunner.java:334)
	at org.testng.SuiteRunner.runSequentially(SuiteRunner.java:329)
	at org.testng.SuiteRunner.privateRun(SuiteRunner.java:291)
	at org.testng.SuiteRunner.run(SuiteRunner.java:240)
	at org.testng.SuiteRunnerWorker.runSuite(SuiteRunnerWorker.java:52)
	at org.testng.SuiteRunnerWorker.run(SuiteRunnerWorker.java:86)
	at org.testng.TestNG.runSuitesSequentially(TestNG.java:1198)
	at org.testng.TestNG.runSuitesLocally(TestNG.java:1123)
	at org.testng.TestNG.run(TestNG.java:1031)
	at org.apache.maven.surefire.testng.TestNGExecutor.run(TestNGExecutor.java:283)
	at org.apache.maven.surefire.testng.TestNGXmlTestSuite.execute(TestNGXmlTestSuite.java:75)
	at org.apache.maven.surefire.testng.TestNGProvider.invoke(TestNGProvider.java:120)
	at org.apache.maven.surefire.booter.ForkedBooter.runSuitesInProcess(ForkedBooter.java:377)
	at org.apache.maven.surefire.booter.ForkedBooter.execute(ForkedBooter.java:138)
	at org.apache.maven.surefire.booter.ForkedBooter.run(ForkedBooter.java:465)
	at org.apache.maven.surefire.booter.ForkedBooter.main(ForkedBooter.java:451)
]]>
    </failure>
  </testcase> <!-- TC_OHRM_Admin_Users_SearchBtn_1 -->
</testsuite> <!-- All Tests -->
